[ 2015-11-30T09:44:42+08:00 ] 120.37.154.139 /Manage
INFO: [ app_begin ] --START--
INFO: Run Behavior\ReadHtmlCacheBehavior [ RunTime:0.000351s ]
INFO: [ app_begin ] --END-- [ RunTime:0.000635s ]
NOTIC: [8] Undefined index: mt_manage /alidata/www/office/Application/Manage/Controller/CommonController.class.php 第 10 行.

[ 2015-11-30T09:44:42+08:00 ] 120.37.154.139 /Manage/Public/login.html
INFO: [ app_begin ] --START--
INFO: Run Behavior\ReadHtmlCacheBehavior [ RunTime:0.000365s ]
INFO: [ app_begin ] --END-- [ RunTime:0.000643s ]
INFO: [ view_parse ] --START--
INFO: [ template_filter ] --START--
INFO: Run Behavior\ContentReplaceBehavior [ RunTime:0.000064s ]
INFO: [ template_filter ] --END-- [ RunTime:0.000128s ]
INFO: Run Behavior\ParseTemplateBehavior [ RunTime:0.005504s ]
INFO: [ view_parse ] --END-- [ RunTime:0.005559s ]
INFO: [ view_filter ] --START--
INFO: Run Behavior\WriteHtmlCacheBehavior [ RunTime:0.000128s ]
INFO: [ view_filter ] --END-- [ RunTime:0.000187s ]
INFO: [ app_end ] --START--
INFO: Run Behavior\ShowPageTraceBehavior [ RunTime:0.000376s ]
INFO: [ app_end ] --END-- [ RunTime:0.000426s ]

[ 2015-11-30T09:44:47+08:00 ] 120.37.154.139 /Manage/Public/login.html
INFO: [ app_begin ] --START--
INFO: Run Behavior\ReadHtmlCacheBehavior [ RunTime:0.000517s ]
INFO: [ app_begin ] --END-- [ RunTime:0.000798s ]
SQL: SHOW COLUMNS FROM `mt_user` [ RunTime:0.0009s ]
SQL: SELECT * FROM `mt_user` WHERE `username` = 'sdfs' LIMIT 1   [ RunTime:0.0003s ]

[ 2015-11-30T09:44:52+08:00 ] 120.37.154.139 /Manage/Public/login.html
INFO: [ app_begin ] --START--
INFO: Run Behavior\ReadHtmlCacheBehavior [ RunTime:0.000318s ]
INFO: [ app_begin ] --END-- [ RunTime:0.000592s ]
SQL: SHOW COLUMNS FROM `mt_user` [ RunTime:0.0008s ]
SQL: SELECT * FROM `mt_user` WHERE `username` = 'xxx' LIMIT 1   [ RunTime:0.0003s ]
SQL: UPDATE `mt_user` SET `last_login_ip`='120.37.154.139',`last_login_time`='1448847892' WHERE `uid` = 10 [ RunTime:0.0629s ]

[ 2015-11-30T09:44:52+08:00 ] 120.37.154.139 /Manage/Index/index.html
INFO: [ app_begin ] --START--
INFO: Run Behavior\ReadHtmlCacheBehavior [ RunTime:0.000343s ]
INFO: [ app_begin ] --END-- [ RunTime:0.000601s ]
INFO: [ view_parse ] --START--
INFO: [ template_filter ] --START--
INFO: Run Behavior\ContentReplaceBehavior [ RunTime:0.000098s ]
INFO: [ template_filter ] --END-- [ RunTime:0.000207s ]
INFO: Run Behavior\ParseTemplateBehavior [ RunTime:0.007626s ]
INFO: [ view_parse ] --END-- [ RunTime:0.007700s ]
INFO: [ view_filter ] --START--
INFO: Run Behavior\WriteHtmlCacheBehavior [ RunTime:0.000148s ]
INFO: [ view_filter ] --END-- [ RunTime:0.000198s ]
INFO: [ app_end ] --START--
INFO: Run Behavior\ShowPageTraceBehavior [ RunTime:0.000375s ]
INFO: [ app_end ] --END-- [ RunTime:0.000442s ]

[ 2015-11-30T09:44:53+08:00 ] 120.37.154.139 /Manage/Business/checkWithdrawal.html
INFO: [ app_begin ] --START--
INFO: Run Behavior\ReadHtmlCacheBehavior [ RunTime:0.000325s ]
INFO: [ app_begin ] --END-- [ RunTime:0.000608s ]
SQL: SHOW COLUMNS FROM `mt_withdrawal` [ RunTime:0.0008s ]
SQL: SELECT COUNT(*) AS tp_count FROM `mt_withdrawal` LIMIT 1   [ RunTime:0.0003s ]
SQL: SELECT mt_card.id,mt_card.cardnegativeurl,mt_card.cardpositiveurl,mt_withdrawal.account,mt_withdrawal.money,mt_withdrawal.applyTime,mt_withdrawal.status,mt_withdrawal.checktime,mt_withdrawal.reason,mt_card.type,mt_card.bank,mt_card.bankaccount FROM `mt_withdrawal` INNER JOIN mt_card ON mt_card.id=mt_withdrawal.cid  ORDER BY applyTime LIMIT 0,25   [ RunTime:0.0006s ]
INFO: [ view_parse ] --START--
INFO: [ template_filter ] --START--
INFO: Run Behavior\ContentReplaceBehavior [ RunTime:0.000077s ]
INFO: [ template_filter ] --END-- [ RunTime:0.000142s ]
INFO: Run Behavior\ParseTemplateBehavior [ RunTime:0.009209s ]
INFO: [ view_parse ] --END-- [ RunTime:0.009266s ]
INFO: [ view_filter ] --START--
INFO: Run Behavior\WriteHtmlCacheBehavior [ RunTime:0.000124s ]
INFO: [ view_filter ] --END-- [ RunTime:0.000172s ]
INFO: [ app_end ] --START--
INFO: Run Behavior\ShowPageTraceBehavior [ RunTime:0.000353s ]
INFO: [ app_end ] --END-- [ RunTime:0.000404s ]

[ 2015-11-30T11:23:49+08:00 ] 120.37.154.139 /Manage/User/lists.html
INFO: [ app_begin ] --START--
INFO: Run Behavior\ReadHtmlCacheBehavior [ RunTime:0.000574s ]
INFO: [ app_begin ] --END-- [ RunTime:0.000911s ]
SQL: SHOW COLUMNS FROM `mt_user` [ RunTime:0.0009s ]
SQL: SELECT COUNT(*) AS tp_count FROM `mt_user` LIMIT 1   [ RunTime:0.0003s ]
SQL: SELECT * FROM `mt_user` LIMIT 0,25   [ RunTime:0.0002s ]
INFO: [ view_parse ] --START--
INFO: [ template_filter ] --START--
INFO: Run Behavior\ContentReplaceBehavior [ RunTime:0.000082s ]
INFO: [ template_filter ] --END-- [ RunTime:0.000173s ]
INFO: Run Behavior\ParseTemplateBehavior [ RunTime:0.008458s ]
INFO: [ view_parse ] --END-- [ RunTime:0.008526s ]
INFO: [ view_filter ] --START--
INFO: Run Behavior\WriteHtmlCacheBehavior [ RunTime:0.000170s ]
INFO: [ view_filter ] --END-- [ RunTime:0.000240s ]
INFO: [ app_end ] --START--
INFO: Run Behavior\ShowPageTraceBehavior [ RunTime:0.000380s ]
INFO: [ app_end ] --END-- [ RunTime:0.000438s ]

[ 2015-11-30T11:24:12+08:00 ] 120.37.154.139 /Manage/Business/checkWithdrawal.html
INFO: [ app_begin ] --START--
INFO: Run Behavior\ReadHtmlCacheBehavior [ RunTime:0.000542s ]
INFO: [ app_begin ] --END-- [ RunTime:0.000947s ]
SQL: SHOW COLUMNS FROM `mt_withdrawal` [ RunTime:0.0009s ]
SQL: SELECT COUNT(*) AS tp_count FROM `mt_withdrawal` LIMIT 1   [ RunTime:0.0003s ]
SQL: SELECT mt_card.id,mt_card.cardnegativeurl,mt_card.cardpositiveurl,mt_withdrawal.account,mt_withdrawal.money,mt_withdrawal.applyTime,mt_withdrawal.status,mt_withdrawal.checktime,mt_withdrawal.reason,mt_card.type,mt_card.bank,mt_card.bankaccount FROM `mt_withdrawal` INNER JOIN mt_card ON mt_card.id=mt_withdrawal.cid  ORDER BY applyTime LIMIT 0,25   [ RunTime:0.0006s ]
INFO: [ view_parse ] --START--
INFO: [ template_filter ] --START--
INFO: Run Behavior\ContentReplaceBehavior [ RunTime:0.000082s ]
INFO: [ template_filter ] --END-- [ RunTime:0.000158s ]
INFO: Run Behavior\ParseTemplateBehavior [ RunTime:0.010446s ]
INFO: [ view_parse ] --END-- [ RunTime:0.010536s ]
INFO: [ view_filter ] --START--
INFO: Run Behavior\WriteHtmlCacheBehavior [ RunTime:0.000135s ]
INFO: [ view_filter ] --END-- [ RunTime:0.000182s ]
INFO: [ app_end ] --START--
INFO: Run Behavior\ShowPageTraceBehavior [ RunTime:0.000399s ]
INFO: [ app_end ] --END-- [ RunTime:0.000451s ]

